2026-02-03 09:55:52: [request error] [unhandled] [POST] http://localhost:3480/api/auth/login
2026-02-03 09:55:52:  ReferenceError: require is not defined
2026-02-03 09:55:52:     at getPrismaClient (file:///home/wwwroot/preblog/lib/prisma.ts:7:30)
2026-02-03 09:55:52:     ... 4 lines matching cause stack trace ...
2026-02-03 09:55:52:     at Server.toNodeHandle (file:///home/wwwroot/preblog/.output/server/chunks/nitro/nitro.mjs:2253:7) {
2026-02-03 09:55:52:   cause: ReferenceError: require is not defined
2026-02-03 09:55:52:       at getPrismaClient (file:///home/wwwroot/preblog/lib/prisma.ts:7:30)
2026-02-03 09:55:52:       at getPrisma (file:///home/wwwroot/preblog/lib/prisma.ts:15:10)
2026-02-03 09:55:52:       at Object.handler (file:///home/wwwroot/preblog/server/api/auth/login.post.ts:6:1)
2026-02-03 09:55:52:       at file:///home/wwwroot/preblog/.output/server/chunks/nitro/nitro.mjs:1913:43
2026-02-03 09:55:52:       at Object.handler (file:///home/wwwroot/preblog/.output/server/chunks/nitro/nitro.mjs:1982:19)
2026-02-03 09:55:52:       at Server.toNodeHandle (file:///home/wwwroot/preblog/.output/server/chunks/nitro/nitro.mjs:2253:7),
2026-02-03 09:55:52:   statusCode: 500,
2026-02-03 09:55:52:   fatal: false,
2026-02-03 09:55:52:   unhandled: true,
2026-02-03 09:55:52:   statusMessage: undefined,
2026-02-03 09:55:52:   data: undefined
2026-02-03 09:55:52: }
2026-02-03 09:57:15: [request error] [unhandled] [POST] http://localhost:3480/api/auth/login
2026-02-03 09:57:15:  PrismaClientInitializationError: `PrismaClient` needs to be constructed with a non-empty, valid `PrismaClientOptions`:
2026-02-03 09:57:15: 
2026-02-03 09:57:15: ```
2026-02-03 09:57:15: new PrismaClient({
2026-02-03 09:57:15:   ...
2026-02-03 09:57:15: })
2026-02-03 09:57:15: ```
2026-02-03 09:57:15: 
2026-02-03 09:57:15: or
2026-02-03 09:57:15: 
2026-02-03 09:57:15: ```
2026-02-03 09:57:15: constructor() {
2026-02-03 09:57:15:   super({ ... });
2026-02-03 09:57:15: }
2026-02-03 09:57:15: ```
2026-02-03 09:57:15:           
2026-02-03 09:57:15:     at new t (/home/wwwroot/preblog/.output/server/node_modules/@prisma/client/runtime/client.js:70:960)
2026-02-03 09:57:15:     ... 4 lines matching cause stack trace ...
2026-02-03 09:57:15:     at Server.toNodeHandle (file:///home/wwwroot/preblog/.output/server/chunks/nitro/nitro.mjs:2253:7) {
2026-02-03 09:57:15:   cause: PrismaClientInitializationError: `PrismaClient` needs to be constructed with a non-empty, valid `PrismaClientOptions`:
2026-02-03 09:57:15:   
2026-02-03 09:57:15:   ```
2026-02-03 09:57:15:   new PrismaClient({
2026-02-03 09:57:15:     ...
2026-02-03 09:57:15:   })
2026-02-03 09:57:15:   ```
2026-02-03 09:57:15:   
2026-02-03 09:57:15:   or
2026-02-03 09:57:15:   
2026-02-03 09:57:15:   ```
2026-02-03 09:57:15:   constructor() {
2026-02-03 09:57:15:     super({ ... });
2026-02-03 09:57:15:   }
2026-02-03 09:57:15:   ```
2026-02-03 09:57:15:             
2026-02-03 09:57:15:       at new t (/home/wwwroot/preblog/.output/server/node_modules/@prisma/client/runtime/client.js:70:960)
2026-02-03 09:57:15:       at getPrisma (file:///home/wwwroot/preblog/lib/prisma.ts:7:22)
2026-02-03 09:57:15:       at Object.handler (file:///home/wwwroot/preblog/server/api/auth/login.post.ts:6:1)
2026-02-03 09:57:15:       at file:///home/wwwroot/preblog/.output/server/chunks/nitro/nitro.mjs:1913:43
2026-02-03 09:57:15:       at Object.handler (file:///home/wwwroot/preblog/.output/server/chunks/nitro/nitro.mjs:1982:19)
2026-02-03 09:57:15:       at Server.toNodeHandle (file:///home/wwwroot/preblog/.output/server/chunks/nitro/nitro.mjs:2253:7) {
2026-02-03 09:57:15:     clientVersion: '7.3.0',
2026-02-03 09:57:15:     errorCode: undefined,
2026-02-03 09:57:15:     retryable: undefined
2026-02-03 09:57:15:   },
2026-02-03 09:57:15:   statusCode: 500,
2026-02-03 09:57:15:   fatal: false,
2026-02-03 09:57:15:   unhandled: true,
2026-02-03 09:57:15:   statusMessage: undefined,
2026-02-03 09:57:15:   data: undefined
2026-02-03 09:57:15: }
2026-02-03 09:58:44: [request error] [unhandled] [POST] http://localhost:3480/api/auth/login
2026-02-03 09:58:44:  PrismaClientConstructorValidationError: Unknown property datasourceUrl provided to PrismaClient constructor.
2026-02-03 09:58:44: Read more at https://pris.ly/d/client-constructor
2026-02-03 09:58:44:     at yl (/home/wwwroot/preblog/.output/server/node_modules/@prisma/client/runtime/client.js:66:3832)
2026-02-03 09:58:44:     ... 5 lines matching cause stack trace ...
2026-02-03 09:58:44:     at Server.toNodeHandle (file:///home/wwwroot/preblog/.output/server/chunks/nitro/nitro.mjs:2253:7) {
2026-02-03 09:58:44:   cause: PrismaClientConstructorValidationError: Unknown property datasourceUrl provided to PrismaClient constructor.
2026-02-03 09:58:44:   Read more at https://pris.ly/d/client-constructor
2026-02-03 09:58:44:       at yl (/home/wwwroot/preblog/.output/server/node_modules/@prisma/client/runtime/client.js:66:3832)
2026-02-03 09:58:44:       at new t (/home/wwwroot/preblog/.output/server/node_modules/@prisma/client/runtime/client.js:70:1241)
2026-02-03 09:58:44:       at getPrisma (file:///home/wwwroot/preblog/lib/prisma.ts:7:22)
2026-02-03 09:58:44:       at Object.handler (file:///home/wwwroot/preblog/server/api/auth/login.post.ts:6:1)
2026-02-03 09:58:44:       at file:///home/wwwroot/preblog/.output/server/chunks/nitro/nitro.mjs:1913:43
2026-02-03 09:58:44:       at Object.handler (file:///home/wwwroot/preblog/.output/server/chunks/nitro/nitro.mjs:1982:19)
2026-02-03 09:58:44:       at Server.toNodeHandle (file:///home/wwwroot/preblog/.output/server/chunks/nitro/nitro.mjs:2253:7),
2026-02-03 09:58:44:   statusCode: 500,
2026-02-03 09:58:44:   fatal: false,
2026-02-03 09:58:44:   unhandled: true,
2026-02-03 09:58:44:   statusMessage: undefined,
2026-02-03 09:58:44:   data: undefined
2026-02-03 09:58:44: }
2026-02-03 10:05:58: [request error] [unhandled] [POST] http://localhost:3480/api/auth/login
2026-02-03 10:05:58:  file:///home/wwwroot/preblog/.output/server/chunks/_/prisma.mjs:2
2026-02-03 10:05:58: import { PrismaBetterSQLite3 } from '@prisma/adapter-better-sqlite3';
2026-02-03 10:05:58:          ^^^^^^^^^^^^^^^^^^^
2026-02-03 10:05:58: SyntaxError: The requested module '@prisma/adapter-better-sqlite3' does not provide an export named 'PrismaBetterSQLite3'
2026-02-03 10:05:58:     at ModuleJob.#asyncInstantiate (node:internal/modules/esm/module_job:319:21)
2026-02-03 10:05:58:     ... 3 lines matching cause stack trace ...
2026-02-03 10:05:58:     at Server.toNodeHandle (file:///home/wwwroot/preblog/.output/server/chunks/nitro/nitro.mjs:2253:7) {
2026-02-03 10:05:58:   cause: file:///home/wwwroot/preblog/.output/server/chunks/_/prisma.mjs:2
2026-02-03 10:05:58:   import { PrismaBetterSQLite3 } from '@prisma/adapter-better-sqlite3';
2026-02-03 10:05:58:            ^^^^^^^^^^^^^^^^^^^
2026-02-03 10:05:58:   SyntaxError: The requested module '@prisma/adapter-better-sqlite3' does not provide an export named 'PrismaBetterSQLite3'
2026-02-03 10:05:58:       at ModuleJob.#asyncInstantiate (node:internal/modules/esm/module_job:319:21)
2026-02-03 10:05:58:       at ModuleJob.run (node:internal/modules/esm/module_job:422:5)
2026-02-03 10:05:58:       at onImport.tracePromise.__proto__ (node:internal/modules/esm/loader:655:26)
2026-02-03 10:05:58:       at Object.handler (file:///home/wwwroot/preblog/.output/server/chunks/nitro/nitro.mjs:1982:19)
2026-02-03 10:05:58:       at Server.toNodeHandle (file:///home/wwwroot/preblog/.output/server/chunks/nitro/nitro.mjs:2253:7),
2026-02-03 10:05:58:   statusCode: 500,
2026-02-03 10:05:58:   fatal: false,
2026-02-03 10:05:58:   unhandled: true,
2026-02-03 10:05:58:   statusMessage: undefined,
2026-02-03 10:05:58:   data: undefined
2026-02-03 10:05:58: }
2026-02-03 10:07:29: [request error] [unhandled] [POST] http://localhost:3480/api/auth/login
2026-02-03 10:07:29:  TypeError: Cannot read properties of undefined (reading 'replace')
2026-02-03 10:07:29:     at createBetterSQLite3Client (file:///home/wwwroot/preblog/.output/server/node_modules/@prisma/adapter-better-sqlite3/dist/index.mjs:612:22)
2026-02-03 10:07:29:     ... 8 lines matching cause stack trace ...
2026-02-03 10:07:29:     at Object.singleLoader (/home/wwwroot/preblog/.output/server/node_modules/@prisma/client/runtime/client.js:65:6595) {
2026-02-03 10:07:29:   cause: TypeError: Cannot read properties of undefined (reading 'replace')
2026-02-03 10:07:29:       at createBetterSQLite3Client (file:///home/wwwroot/preblog/.output/server/node_modules/@prisma/adapter-better-sqlite3/dist/index.mjs:612:22)
2026-02-03 10:07:29:       at PrismaBetterSqlite3AdapterFactory.connect (file:///home/wwwroot/preblog/.output/server/node_modules/@prisma/adapter-better-sqlite3/dist/index.mjs:601:59)
2026-02-03 10:07:29:       at e.connect (/home/wwwroot/preblog/.output/server/node_modules/@prisma/client/runtime/client.js:57:311)
2026-02-03 10:07:29:       at Dt.#s (/home/wwwroot/preblog/.output/server/node_modules/@prisma/client/runtime/client.js:57:11956)
2026-02-03 10:07:29:       at /home/wwwroot/preblog/.output/server/node_modules/@prisma/client/runtime/client.js:57:11293
2026-02-03 10:07:29:       at Object.runInChildSpan (/home/wwwroot/preblog/.output/server/node_modules/@prisma/client/runtime/client.js:65:2516)
2026-02-03 10:07:29:       at ri.runInChildSpan (/home/wwwroot/preblog/.output/server/node_modules/@prisma/client/runtime/client.js:65:2850)
2026-02-03 10:07:29:       at Dt.#i (/home/wwwroot/preblog/.output/server/node_modules/@prisma/client/runtime/client.js:57:11231)
2026-02-03 10:07:29:       at Dt.request (/home/wwwroot/preblog/.output/server/node_modules/@prisma/client/runtime/client.js:58:1995)
2026-02-03 10:07:29:       at Object.singleLoader (/home/wwwroot/preblog/.output/server/node_modules/@prisma/client/runtime/client.js:65:6595) {
2026-02-03 10:07:29:     clientVersion: '7.3.0'
2026-02-03 10:07:29:   },
2026-02-03 10:07:29:   statusCode: 500,
2026-02-03 10:07:29:   fatal: false,
2026-02-03 10:07:29:   unhandled: true,
2026-02-03 10:07:29:   statusMessage: undefined,
2026-02-03 10:07:29:   data: undefined
2026-02-03 10:07:29: }
2026-02-03 10:22:22: [h3] Please prefer using `message` for longer error messages instead of `statusMessage`. In the future, `statusMessage` will be sanitized by default.
2026-02-03 10:22:34: [h3] Please prefer using `message` for longer error messages instead of `statusMessage`. In the future, `statusMessage` will be sanitized by default.
2026-02-03 10:30:37: [h3] Please prefer using `message` for longer error messages instead of `statusMessage`. In the future, `statusMessage` will be sanitized by default.
2026-02-03 10:30:41: [h3] Please prefer using `message` for longer error messages instead of `statusMessage`. In the future, `statusMessage` will be sanitized by default.
2026-02-03 10:34:27: [h3] Please prefer using `message` for longer error messages instead of `statusMessage`. In the future, `statusMessage` will be sanitized by default.
2026-02-03 10:34:41: [h3] Please prefer using `message` for longer error messages instead of `statusMessage`. In the future, `statusMessage` will be sanitized by default.
2026-02-03 10:45:20: [h3] Please prefer using `message` for longer error messages instead of `statusMessage`. In the future, `statusMessage` will be sanitized by default.
2026-02-03 10:47:10: [h3] Please prefer using `message` for longer error messages instead of `statusMessage`. In the future, `statusMessage` will be sanitized by default.
2026-02-03 10:47:40: [h3] Please prefer using `message` for longer error messages instead of `statusMessage`. In the future, `statusMessage` will be sanitized by default.
2026-02-03 10:47:41: [h3] Please prefer using `message` for longer error messages instead of `statusMessage`. In the future, `statusMessage` will be sanitized by default.
2026-02-03 10:47:46: [h3] Please prefer using `message` for longer error messages instead of `statusMessage`. In the future, `statusMessage` will be sanitized by default.
2026-02-03 10:47:50: [h3] Please prefer using `message` for longer error messages instead of `statusMessage`. In the future, `statusMessage` will be sanitized by default.
2026-02-03 10:47:56: [h3] Please prefer using `message` for longer error messages instead of `statusMessage`. In the future, `statusMessage` will be sanitized by default.
2026-02-03 10:48:00: [h3] Please prefer using `message` for longer error messages instead of `statusMessage`. In the future, `statusMessage` will be sanitized by default.
2026-02-03 10:52:27: [h3] Please prefer using `message` for longer error messages instead of `statusMessage`. In the future, `statusMessage` will be sanitized by default.
2026-02-03 10:52:33: [h3] Please prefer using `message` for longer error messages instead of `statusMessage`. In the future, `statusMessage` will be sanitized by default.
2026-02-03 10:54:27: [h3] Please prefer using `message` for longer error messages instead of `statusMessage`. In the future, `statusMessage` will be sanitized by default.
2026-02-03 10:56:56: [h3] Please prefer using `message` for longer error messages instead of `statusMessage`. In the future, `statusMessage` will be sanitized by default.
2026-02-03 10:56:56: [h3] Please prefer using `message` for longer error messages instead of `statusMessage`. In the future, `statusMessage` will be sanitized by default.
2026-02-03 10:59:04: [h3] Please prefer using `message` for longer error messages instead of `statusMessage`. In the future, `statusMessage` will be sanitized by default.
2026-02-03 10:59:19: [h3] Please prefer using `message` for longer error messages instead of `statusMessage`. In the future, `statusMessage` will be sanitized by default.
2026-02-03 10:59:19: [h3] Please prefer using `message` for longer error messages instead of `statusMessage`. In the future, `statusMessage` will be sanitized by default.
2026-02-03 10:59:19: [h3] Please prefer using `message` for longer error messages instead of `statusMessage`. In the future, `statusMessage` will be sanitized by default.
